<?xml version="1.0" encoding="UTF-8"?>
<testng-results ignored="0" total="1" passed="1" failed="0" skipped="0">
  <reporter-output>
  </reporter-output>
  <suite started-at="2025-10-19T18:23:01 IST" name="LoginSuite" finished-at="2025-10-19T18:23:08 IST" duration-ms="6932">
    <groups>
    </groups>
    <test started-at="2025-10-19T18:23:01 IST" name="LoginTests" finished-at="2025-10-19T18:23:08 IST" duration-ms="6932">
      <class name="test.LoginTest">
        <test-method is-config="true" signature="setup()[pri:0, instance:test.LoginTest@409bf450]" started-at="2025-10-19T18:23:01 IST" name="setup" finished-at="2025-10-19T18:23:07 IST" duration-ms="5988" status="PASS">
          <reporter-output>
          </reporter-output>
        </test-method> <!-- setup -->
        <test-method signature="validateTestLogin()[pri:0, instance:test.LoginTest@409bf450]" started-at="2025-10-19T18:23:07 IST" name="validateTestLogin" finished-at="2025-10-19T18:23:08 IST" duration-ms="862" status="PASS">
          <reporter-output>
          </reporter-output>
        </test-method> <!-- validateTestLogin -->
        <test-method is-config="true" signature="teardown()[pri:0, instance:test.LoginTest@409bf450]" started-at="2025-10-19T18:23:08 IST" name="teardown" finished-at="2025-10-19T18:23:08 IST" duration-ms="15" status="PASS">
          <reporter-output>
          </reporter-output>
        </test-method> <!-- teardown -->
      </class> <!-- test.LoginTest -->
    </test> <!-- LoginTests -->
  </suite> <!-- LoginSuite -->
</testng-results>
